2024-07-13T00:00:26,986 - CPUUtilization.Percent:0.0|#Level:Host|#hostname:LAPTOP-9SVIIN5J,timestamp:1720843226
2024-07-13T00:00:26,994 - DiskAvailable.Gigabytes:227.4813346862793|#Level:Host|#hostname:LAPTOP-9SVIIN5J,timestamp:1720843226
2024-07-13T00:00:26,995 - DiskUsage.Gigabytes:704.0147552490234|#Level:Host|#hostname:LAPTOP-9SVIIN5J,timestamp:1720843226
2024-07-13T00:00:26,995 - DiskUtilization.Percent:75.6|#Level:Host|#hostname:LAPTOP-9SVIIN5J,timestamp:1720843226
2024-07-13T00:00:26,995 - GPUMemoryUtilization.Percent:0.87890625|#Level:Host,DeviceId:0|#hostname:LAPTOP-9SVIIN5J,timestamp:1720843226
2024-07-13T00:00:26,996 - GPUMemoryUsed.Megabytes:54.0|#Level:Host,DeviceId:0|#hostname:LAPTOP-9SVIIN5J,timestamp:1720843226
2024-07-13T00:00:26,996 - GPUUtilization.Percent:0.0|#Level:Host,DeviceId:0|#hostname:LAPTOP-9SVIIN5J,timestamp:1720843226
2024-07-13T00:00:26,996 - MemoryAvailable.Megabytes:2887.98828125|#Level:Host|#hostname:LAPTOP-9SVIIN5J,timestamp:1720843226
2024-07-13T00:00:26,996 - MemoryUsed.Megabytes:13133.88671875|#Level:Host|#hostname:LAPTOP-9SVIIN5J,timestamp:1720843226
2024-07-13T00:00:26,997 - MemoryUtilization.Percent:82.0|#Level:Host|#hostname:LAPTOP-9SVIIN5J,timestamp:1720843226
2024-07-13T00:01:27,029 - CPUUtilization.Percent:0.0|#Level:Host|#hostname:LAPTOP-9SVIIN5J,timestamp:1720843287
2024-07-13T00:01:27,029 - DiskAvailable.Gigabytes:227.48221969604492|#Level:Host|#hostname:LAPTOP-9SVIIN5J,timestamp:1720843287
2024-07-13T00:01:27,029 - DiskUsage.Gigabytes:704.0138702392578|#Level:Host|#hostname:LAPTOP-9SVIIN5J,timestamp:1720843287
2024-07-13T00:01:27,029 - DiskUtilization.Percent:75.6|#Level:Host|#hostname:LAPTOP-9SVIIN5J,timestamp:1720843287
2024-07-13T00:01:27,030 - GPUMemoryUtilization.Percent:0.634765625|#Level:Host,DeviceId:0|#hostname:LAPTOP-9SVIIN5J,timestamp:1720843287
2024-07-13T00:01:27,030 - GPUMemoryUsed.Megabytes:39.0|#Level:Host,DeviceId:0|#hostname:LAPTOP-9SVIIN5J,timestamp:1720843287
2024-07-13T00:01:27,030 - GPUUtilization.Percent:0.0|#Level:Host,DeviceId:0|#hostname:LAPTOP-9SVIIN5J,timestamp:1720843287
2024-07-13T00:01:27,031 - MemoryAvailable.Megabytes:2462.46875|#Level:Host|#hostname:LAPTOP-9SVIIN5J,timestamp:1720843287
2024-07-13T00:01:27,031 - MemoryUsed.Megabytes:13562.55078125|#Level:Host|#hostname:LAPTOP-9SVIIN5J,timestamp:1720843287
2024-07-13T00:01:27,032 - MemoryUtilization.Percent:84.7|#Level:Host|#hostname:LAPTOP-9SVIIN5J,timestamp:1720843287
2024-07-13T00:01:42,253 - CPUUtilization.Percent:0.0|#Level:Host|#hostname:LAPTOP-9SVIIN5J,timestamp:1720843302
2024-07-13T00:01:42,255 - DiskAvailable.Gigabytes:227.4822006225586|#Level:Host|#hostname:LAPTOP-9SVIIN5J,timestamp:1720843302
2024-07-13T00:01:42,256 - DiskUsage.Gigabytes:704.0138893127441|#Level:Host|#hostname:LAPTOP-9SVIIN5J,timestamp:1720843302
2024-07-13T00:01:42,257 - DiskUtilization.Percent:75.6|#Level:Host|#hostname:LAPTOP-9SVIIN5J,timestamp:1720843302
2024-07-13T00:01:42,257 - GPUMemoryUtilization.Percent:0.8626302083333334|#Level:Host,DeviceId:0|#hostname:LAPTOP-9SVIIN5J,timestamp:1720843302
2024-07-13T00:01:42,257 - GPUMemoryUsed.Megabytes:53.0|#Level:Host,DeviceId:0|#hostname:LAPTOP-9SVIIN5J,timestamp:1720843302
2024-07-13T00:01:42,258 - GPUUtilization.Percent:5.0|#Level:Host,DeviceId:0|#hostname:LAPTOP-9SVIIN5J,timestamp:1720843302
2024-07-13T00:01:42,258 - MemoryAvailable.Megabytes:2631.1640625|#Level:Host|#hostname:LAPTOP-9SVIIN5J,timestamp:1720843302
2024-07-13T00:01:42,258 - MemoryUsed.Megabytes:13392.6015625|#Level:Host|#hostname:LAPTOP-9SVIIN5J,timestamp:1720843302
2024-07-13T00:01:42,259 - MemoryUtilization.Percent:83.6|#Level:Host|#hostname:LAPTOP-9SVIIN5J,timestamp:1720843302
2024-07-13T00:01:42,988 - WorkerLoadTime.Milliseconds:1613.0|#WorkerName:W-9000-doubleit_model_1.0,Level:Host|#hostname:LAPTOP-9SVIIN5J,timestamp:1720843302
2024-07-13T00:01:42,988 - WorkerThreadTime.Milliseconds:3.0|#Level:Host|#hostname:LAPTOP-9SVIIN5J,timestamp:1720843302
2024-07-13T00:01:43,157 - ts_inference_requests_total.Count:1.0|#model_name:doubleit_model,model_version:default|#hostname:LAPTOP-9SVIIN5J,timestamp:1720843303
2024-07-13T00:01:43,194 - Requests2XX.Count:1.0|#Level:Host|#hostname:LAPTOP-9SVIIN5J,timestamp:1720843303
2024-07-13T00:01:43,195 - ts_inference_latency_microseconds.Microseconds:32674.5|#model_name:doubleit_model,model_version:default|#hostname:LAPTOP-9SVIIN5J,timestamp:1720843303
2024-07-13T00:01:43,195 - ts_queue_latency_microseconds.Microseconds:233.4|#model_name:doubleit_model,model_version:default|#hostname:LAPTOP-9SVIIN5J,timestamp:1720843303
2024-07-13T00:01:43,195 - QueueTime.Milliseconds:0.0|#Level:Host|#hostname:LAPTOP-9SVIIN5J,timestamp:1720843303
2024-07-13T00:01:43,196 - WorkerThreadTime.Milliseconds:7.0|#Level:Host|#hostname:LAPTOP-9SVIIN5J,timestamp:1720843303
2024-07-13T00:01:54,186 - ts_inference_requests_total.Count:1.0|#model_name:doubleit_model,model_version:default|#hostname:LAPTOP-9SVIIN5J,timestamp:1720843314
2024-07-13T00:01:54,224 - Requests2XX.Count:1.0|#Level:Host|#hostname:LAPTOP-9SVIIN5J,timestamp:1720843314
2024-07-13T00:01:54,224 - ts_inference_latency_microseconds.Microseconds:37704.9|#model_name:doubleit_model,model_version:default|#hostname:LAPTOP-9SVIIN5J,timestamp:1720843314
2024-07-13T00:01:54,225 - ts_queue_latency_microseconds.Microseconds:70.5|#model_name:doubleit_model,model_version:default|#hostname:LAPTOP-9SVIIN5J,timestamp:1720843314
2024-07-13T00:01:54,225 - QueueTime.Milliseconds:0.0|#Level:Host|#hostname:LAPTOP-9SVIIN5J,timestamp:1720843314
2024-07-13T00:01:54,225 - WorkerThreadTime.Milliseconds:2.0|#Level:Host|#hostname:LAPTOP-9SVIIN5J,timestamp:1720843314
2024-07-13T00:36:10,593 - CPUUtilization.Percent:0.0|#Level:Host|#hostname:LAPTOP-9SVIIN5J,timestamp:1720845370
2024-07-13T00:36:10,596 - DiskAvailable.Gigabytes:227.48235321044922|#Level:Host|#hostname:LAPTOP-9SVIIN5J,timestamp:1720845370
2024-07-13T00:36:10,597 - DiskUsage.Gigabytes:704.0137367248535|#Level:Host|#hostname:LAPTOP-9SVIIN5J,timestamp:1720845370
2024-07-13T00:36:10,598 - DiskUtilization.Percent:75.6|#Level:Host|#hostname:LAPTOP-9SVIIN5J,timestamp:1720845370
2024-07-13T00:36:10,599 - GPUMemoryUtilization.Percent:0.5859375|#Level:Host,DeviceId:0|#hostname:LAPTOP-9SVIIN5J,timestamp:1720845370
2024-07-13T00:36:10,600 - GPUMemoryUsed.Megabytes:36.0|#Level:Host,DeviceId:0|#hostname:LAPTOP-9SVIIN5J,timestamp:1720845370
2024-07-13T00:36:10,600 - GPUUtilization.Percent:0.0|#Level:Host,DeviceId:0|#hostname:LAPTOP-9SVIIN5J,timestamp:1720845370
2024-07-13T00:36:10,600 - MemoryAvailable.Megabytes:53.43359375|#Level:Host|#hostname:LAPTOP-9SVIIN5J,timestamp:1720845370
2024-07-13T00:36:10,601 - MemoryUsed.Megabytes:15968.58984375|#Level:Host|#hostname:LAPTOP-9SVIIN5J,timestamp:1720845370
2024-07-13T00:36:10,602 - MemoryUtilization.Percent:99.7|#Level:Host|#hostname:LAPTOP-9SVIIN5J,timestamp:1720845370
